#
# A fatal error has been detected by the Java Runtime Environment:
#
#  EXCEPTION_ACCESS_VIOLATION (0xc0000005) at pc=0x00007ff8c65cc963, pid=3928, tid=0x0000000000001cf4
#
# JRE version: OpenJDK Runtime Environment (8.0_222-b10) (build 1.8.0_222-b10)
# Java VM: OpenJDK 64-Bit Server VM (25.222-b10 mixed mode windows-amd64 compressed oops)
# Problematic frame:
# C  [msvcr120.dll+0x3c963]
#
# Failed to write core dump. Minidumps are not enabled by default on client versions of Windows
#
# If you would like to submit a bug report, please visit:
#   
# The crash happened outside the Java Virtual Machine in native code.
# See problematic frame for where to report the bug.
#

---------------  T H R E A D  ---------------

Current thread (0x0000018831f25000):  JavaThread "main" [_thread_in_native, id=7412, stack(0x0000006d1be00000,0x0000006d1bf00000)]

siginfo: ExceptionCode=0xc0000005, writing address 0x0000000000000000

Registers:
RAX=0x0000000000000000, RBX=0x0000000000000000, RCX=0x00000000044c0558, RDX=0x0000000000000000
RSP=0x0000006d1befe7b0, RBP=0x00000188453e9010, RSI=0x0000018844e67fe0, RDI=0x0000000000000000
R8 =0x00000000044c0558, R9 =0x0000006d1befe768, R10=0x0000000000000016, R11=0x0000000000000000
R12=0x0000006d1befe980, R13=0x0000006d1befe978, R14=0x0000000000000001, R15=0x00007ff8c5ed3160
RIP=0x00007ff8c65cc963, EFLAGS=0x0000000000010207

Top of Stack: (sp=0x0000006d1befe7b0)
0x0000006d1befe7b0:   0000000000000000 00007ff8c5ed1091
0x0000006d1befe7c0:   0000000000000000 00000000044c0558
0x0000006d1befe7d0:   00007ff8c5f93470 0000000000000000
0x0000006d1befe7e0:   0000000000000001 00007ff8c5ecf058
0x0000006d1befe7f0:   0000000000000000 00000188453e9010
0x0000006d1befe800:   0000018844e67fe0 0000000000000000
0x0000006d1befe810:   00007ff8c666c500 00007ff8c5ecf9b7
0x0000006d1befe820:   00007ff8c666c500 0000018844e67fe0
0x0000006d1befe830:   0000fadd5fd8355e 0000018845939bc0
0x0000006d1befe840:   00007ff8c5ed3158 0000018845939bc0
0x0000006d1befe850:   00000188453e8ff0 00007ff8c5ecc5c5
0x0000006d1befe860:   00007ff8c5ea0000 0000000000000000
0x0000006d1befe870:   00007ff8c666c500 00007ff8c666c500
0x0000006d1befe880:   00007ff8c5ed3150 00007ff8c5ed3158
0x0000006d1befe890:   0000018845939bc0 0000000066e2966c
0x0000006d1befe8a0:   0000000000000000 0000006d1befe974 

Instructions: (pc=0x00007ff8c65cc963)
0x00007ff8c65cc943:   0f b6 d2 49 83 f8 10 0f 82 5c 01 00 00 0f ba 25
0x00007ff8c65cc953:   00 4e 0a 00 01 73 0e 57 48 8b f9 8b c2 49 8b c8
0x00007ff8c65cc963:   f3 aa 5f eb 6d 49 b9 01 01 01 01 01 01 01 01 49
0x00007ff8c65cc973:   0f af d1 0f ba 25 da 4d 0a 00 02 0f 82 9c 00 00 


Register to memory mapping:

RAX=0x0000000000000000 is an unknown value
RBX=0x0000000000000000 is an unknown value
RCX=0x00000000044c0558 is an unknown value
RDX=0x0000000000000000 is an unknown value
RSP=0x0000006d1befe7b0 is pointing into the stack for thread: 0x0000018831f25000
RBP=0x00000188453e9010 is an unknown value
RSI=0x0000018844e67fe0 is an unknown value
RDI=0x0000000000000000 is an unknown value
R8 =0x00000000044c0558 is an unknown value
R9 =0x0000006d1befe768 is pointing into the stack for thread: 0x0000018831f25000
R10=0x0000000000000016 is an unknown value
R11=0x0000000000000000 is an unknown value
R12=0x0000006d1befe980 is pointing into the stack for thread: 0x0000018831f25000
R13=0x0000006d1befe978 is pointing into the stack for thread: 0x0000018831f25000
R14=0x0000000000000001 is an unknown value
R15=0x00007ff8c5ed3160 is an unknown value


Stack: [0x0000006d1be00000,0x0000006d1bf00000],  sp=0x0000006d1befe7b0,  free space=1017k
Native frames: (J=compiled Java code, j=interpreted, Vv=VM code, C=native code)
C  [msvcr120.dll+0x3c963]

Java frames: (J=compiled Java code, j=interpreted, Vv=VM code)
j  com.altera.utilities.FileUtilities.read1(Ljava/lang/String;)Lcom/altera/utilities/FileUtilities$FileContents;+0
j  com.altera.utilities.FileUtilities.readFile(Ljava/io/File;)Lcom/altera/utilities/FileUtilities$FileContents;+70
j  com.altera.sopcmodel.components.tclmodule.LiveModuleTclInterpreter.tclToCatalogCards(Ljava/lang/String;Lcom/altera/librarianinterfaces/ILibrarian;Lcom/altera/entityinterfaces/message/IMessageLogger;)Ljava/util/List;+60
j  com.altera.sopcmodel.components.tclmodule.TclModuleFactory.analyzeToCatalogCards(Ljava/io/File;Lcom/altera/entityinterfaces/message/IMessageLogger;)Ljava/util/List;+20
j  com.altera.sopcmodel.components.tclmodule.TclModuleFactory.analyseFile(Ljava/io/File;Lcom/altera/entityinterfaces/message/IMessageLogger;)Ljava/util/List;+3
j  com.altera.sopcmodel.components.tclmodule.TclModuleFactory.analyseFile(Ljava/io/File;Lcom/altera/entityinterfaces/message/IMessageLogger;)Ljava/util/Collection;+3
j  com.altera.sopclibrary.conan.Analyzer.analyzeOneFile(Lcom/altera/sopclibrary/conan/Analyzer$IAnalyzerResults;Ljava/util/Map;Lcom/altera/entityinterfaces/message/IMessageLogger;Ljava/lang/String;Z)I+315
j  com.altera.sopclibrary.conan.Conan.analyse(Ljava/io/File;ZLcom/altera/entityinterfaces/message/IMessageLogger;)Ljava/util/List;+48
j  com.altera.sopcmodel.sbtools.shared.SbModuleInstanceBase.getCardFromComponentFile(Lcom/altera/entityinterfaces/message/IMessageLogger;)Lcom/altera/librarianinterfaces/ICatalogCard;+48
j  com.altera.sopcmodel.sbtools.shared.SbModuleInstanceBase.setupComponentModule(Lcom/altera/entityinterfaces/message/IMessageLogger;)V+14
j  com.altera.sopcmodel.sbtools.shared.SbModuleInstanceBase.act()I+70
j  com.altera.sopcmodel.sbtools.sbgenerate.SbGenerate.act()I+31
j  com.altera.utilities.AltCmdLineToolBase.runTheTool([Ljava/lang/String;)I+38
j  com.altera.sopcmodel.sbtools.sbgenerate.SbGenerate.main([Ljava/lang/String;)V+54
v  ~StubRoutines::call_stub

---------------  P R O C E S S  ---------------

Java Threads: ( => current thread )
  0x0000018843b52800 JavaThread "Service Thread" daemon [_thread_blocked, id=10352, stack(0x0000006d1c600000,0x0000006d1c700000)]
  0x0000018843add800 JavaThread "C1 CompilerThread1" daemon [_thread_blocked, id=988, stack(0x0000006d1c500000,0x0000006d1c600000)]
  0x0000018843adc000 JavaThread "C2 CompilerThread0" daemon [_thread_blocked, id=9428, stack(0x0000006d1c400000,0x0000006d1c500000)]
  0x0000018843ad7000 JavaThread "Attach Listener" daemon [_thread_blocked, id=7992, stack(0x0000006d1c300000,0x0000006d1c400000)]
  0x0000018843ad6000 JavaThread "Signal Dispatcher" daemon [_thread_blocked, id=13612, stack(0x0000006d1c200000,0x0000006d1c300000)]
  0x0000018843aab800 JavaThread "Finalizer" daemon [_thread_blocked, id=4604, stack(0x0000006d1c100000,0x0000006d1c200000)]
  0x0000018843aa5800 JavaThread "Reference Handler" daemon [_thread_blocked, id=10880, stack(0x0000006d1c000000,0x0000006d1c100000)]
=>0x0000018831f25000 JavaThread "main" [_thread_in_native, id=7412, stack(0x0000006d1be00000,0x0000006d1bf00000)]

Other Threads:
  0x000001883219c800 VMThread [stack: 0x0000006d1bf00000,0x0000006d1c000000] [id=8744]
  0x0000018843b55000 WatcherThread [stack: 0x0000006d1c700000,0x0000006d1c800000] [id=4120]

VM state:not at safepoint (normal execution)

VM Mutex/Monitor currently owned by a thread: None

heap address: 0x00000000a2400000, size: 1500 MB, Compressed Oops mode: 32-bit
Narrow klass base: 0x0000000000000000, Narrow klass shift: 3
Compressed class space size: 1073741824 Address: 0x0000000100000000

Heap:
 def new generation   total 9792K, used 1664K [0x00000000a2400000, 0x00000000a2ea0000, 0x00000000c1800000)
  eden space 8704K,   8% used [0x00000000a2400000, 0x00000000a24b64a8, 0x00000000a2c80000)
  from space 1088K,  86% used [0x00000000a2d90000, 0x00000000a2e79f00, 0x00000000a2ea0000)
  to   space 1088K,   0% used [0x00000000a2c80000, 0x00000000a2c80000, 0x00000000a2d90000)
 tenured generation   total 21888K, used 18637K [0x00000000c1800000, 0x00000000c2d60000, 0x0000000100000000)
   the space 21888K,  85% used [0x00000000c1800000, 0x00000000c2a33428, 0x00000000c2a33600, 0x00000000c2d60000)
 Metaspace       used 14599K, capacity 14770K, committed 14848K, reserved 1062912K
  class space    used 1480K, capacity 1533K, committed 1536K, reserved 1048576K

Card table byte_map: [0x0000018842d90000,0x0000018843080000] byte_map_base: 0x000001884287e000

Polling page: 0x0000018831e80000

CodeCache: size=245760Kb used=10530Kb max_used=10541Kb free=235229Kb
 bounds [0x00000188339d0000, 0x0000018834430000, 0x00000188429d0000]
 total_blobs=3352 nmethods=2987 adapters=278
 compilation: enabled

Compilation events (10 events):
Event: 3.772 Thread 0x0000018843adc000 3171       4       java.io.DataInputStream::readUTF (5 bytes)
Event: 3.772 Thread 0x0000018843adc000 nmethod 3171 0x0000018833dfb910 code [0x0000018833dfba60, 0x0000018833dfbae8]
Event: 3.772 Thread 0x0000018843adc000 3182   !   4       java.lang.ref.Reference::tryHandlePending (115 bytes)
Event: 3.775 Thread 0x0000018843adc000 nmethod 3182 0x0000018834424590 code [0x0000018834424740, 0x00000188344250a8]
Event: 3.775 Thread 0x0000018843adc000 3183   !   4       java.lang.ref.ReferenceQueue::enqueue (119 bytes)
Event: 3.777 Thread 0x0000018843adc000 nmethod 3183 0x000001883441ef50 code [0x000001883441f0a0, 0x000001883441f568]
Event: 3.777 Thread 0x0000018843adc000 3174       4       java.io.DataInputStream::readByte (23 bytes)
Event: 3.778 Thread 0x0000018843adc000 nmethod 3174 0x0000018834422790 code [0x0000018834422900, 0x0000018834422a68]
Event: 3.781 Thread 0x0000018843adc000 3184       4       java.util.regex.Matcher::matches (10 bytes)
Event: 3.782 Thread 0x0000018843adc000 nmethod 3184 0x00000188344254d0 code [0x0000018834425620, 0x00000188344257b8]

GC Heap History (10 events):
Event: 3.633 GC heap before
{Heap before GC invocations=56 (full 0):
 def new generation   total 9792K, used 9419K [0x00000000a2400000, 0x00000000a2ea0000, 0x00000000c1800000)
  eden space 8704K, 100% used [0x00000000a2400000, 0x00000000a2c80000, 0x00000000a2c80000)
  from space 1088K,  65% used [0x00000000a2c80000, 0x00000000a2d32dd8, 0x00000000a2d90000)
  to   space 1088K,   0% used [0x00000000a2d90000, 0x00000000a2d90000, 0x00000000a2ea0000)
 tenured generation   total 21888K, used 18320K [0x00000000c1800000, 0x00000000c2d60000, 0x0000000100000000)
   the space 21888K,  83% used [0x00000000c1800000, 0x00000000c29e4270, 0x00000000c29e4400, 0x00000000c2d60000)
 Metaspace       used 14015K, capacity 14258K, committed 14592K, reserved 1062912K
  class space    used 1419K, capacity 1469K, committed 1536K, reserved 1048576K
Event: 3.634 GC heap after
Heap after GC invocations=57 (full 0):
 def new generation   total 9792K, used 718K [0x00000000a2400000, 0x00000000a2ea0000, 0x00000000c1800000)
  eden space 8704K,   0% used [0x00000000a2400000, 0x00000000a2400000, 0x00000000a2c80000)
  from space 1088K,  66% used [0x00000000a2d90000, 0x00000000a2e43ba8, 0x00000000a2ea0000)
  to   space 1088K,   0% used [0x00000000a2c80000, 0x00000000a2c80000, 0x00000000a2d90000)
 tenured generation   total 21888K, used 18377K [0x00000000c1800000, 0x00000000c2d60000, 0x0000000100000000)
   the space 21888K,  83% used [0x00000000c1800000, 0x00000000c29f25f8, 0x00000000c29f2600, 0x00000000c2d60000)
 Metaspace       used 14015K, capacity 14258K, committed 14592K, reserved 1062912K
  class space    used 1419K, capacity 1469K, committed 1536K, reserved 1048576K
}
Event: 3.662 GC heap before
{Heap before GC invocations=57 (full 0):
 def new generation   total 9792K, used 9422K [0x00000000a2400000, 0x00000000a2ea0000, 0x00000000c1800000)
  eden space 8704K, 100% used [0x00000000a2400000, 0x00000000a2c80000, 0x00000000a2c80000)
  from space 1088K,  66% used [0x00000000a2d90000, 0x00000000a2e43ba8, 0x00000000a2ea0000)
  to   space 1088K,   0% used [0x00000000a2c80000, 0x00000000a2c80000, 0x00000000a2d90000)
 tenured generation   total 21888K, used 18377K [0x00000000c1800000, 0x00000000c2d60000, 0x0000000100000000)
   the space 21888K,  83% used [0x00000000c1800000, 0x00000000c29f25f8, 0x00000000c29f2600, 0x00000000c2d60000)
 Metaspace       used 14015K, capacity 14258K, committed 14592K, reserved 1062912K
  class space    used 1419K, capacity 1469K, committed 1536K, reserved 1048576K
Event: 3.663 GC heap after
Heap after GC invocations=58 (full 0):
 def new generation   total 9792K, used 713K [0x00000000a2400000, 0x00000000a2ea0000, 0x00000000c1800000)
  eden space 8704K,   0% used [0x00000000a2400000, 0x00000000a2400000, 0x00000000a2c80000)
  from space 1088K,  65% used [0x00000000a2c80000, 0x00000000a2d32478, 0x00000000a2d90000)
  to   space 1088K,   0% used [0x00000000a2d90000, 0x00000000a2d90000, 0x00000000a2ea0000)
 tenured generation   total 21888K, used 18438K [0x00000000c1800000, 0x00000000c2d60000, 0x0000000100000000)
   the space 21888K,  84% used [0x00000000c1800000, 0x00000000c2a018d8, 0x00000000c2a01a00, 0x00000000c2d60000)
 Metaspace       used 14015K, capacity 14258K, committed 14592K, reserved 1062912K
  class space    used 1419K, capacity 1469K, committed 1536K, reserved 1048576K
}
Event: 3.692 GC heap before
{Heap before GC invocations=58 (full 0):
 def new generation   total 9792K, used 9417K [0x00000000a2400000, 0x00000000a2ea0000, 0x00000000c1800000)
  eden space 8704K, 100% used [0x00000000a2400000, 0x00000000a2c80000, 0x00000000a2c80000)
  from space 1088K,  65% used [0x00000000a2c80000, 0x00000000a2d32478, 0x00000000a2d90000)
  to   space 1088K,   0% used [0x00000000a2d90000, 0x00000000a2d90000, 0x00000000a2ea0000)
 tenured generation   total 21888K, used 18438K [0x00000000c1800000, 0x00000000c2d60000, 0x0000000100000000)
   the space 21888K,  84% used [0x00000000c1800000, 0x00000000c2a018d8, 0x00000000c2a01a00, 0x00000000c2d60000)
 Metaspace       used 14016K, capacity 14258K, committed 14592K, reserved 1062912K
  class space    used 1419K, capacity 1469K, committed 1536K, reserved 1048576K
Event: 3.693 GC heap after
Heap after GC invocations=59 (full 0):
 def new generation   total 9792K, used 693K [0x00000000a2400000, 0x00000000a2ea0000, 0x00000000c1800000)
  eden space 8704K,   0% used [0x00000000a2400000, 0x00000000a2400000, 0x00000000a2c80000)
  from space 1088K,  63% used [0x00000000a2d90000, 0x00000000a2e3d608, 0x00000000a2ea0000)
  to   space 1088K,   0% used [0x00000000a2c80000, 0x00000000a2c80000, 0x00000000a2d90000)
 tenured generation   total 21888K, used 18476K [0x00000000c1800000, 0x00000000c2d60000, 0x0000000100000000)
   the space 21888K,  84% used [0x00000000c1800000, 0x00000000c2a0b3f0, 0x00000000c2a0b400, 0x00000000c2d60000)
 Metaspace       used 14016K, capacity 14258K, committed 14592K, reserved 1062912K
  class space    used 1419K, capacity 1469K, committed 1536K, reserved 1048576K
}
Event: 3.728 GC heap before
{Heap before GC invocations=59 (full 0):
 def new generation   total 9792K, used 9397K [0x00000000a2400000, 0x00000000a2ea0000, 0x00000000c1800000)
  eden space 8704K, 100% used [0x00000000a2400000, 0x00000000a2c80000, 0x00000000a2c80000)
  from space 1088K,  63% used [0x00000000a2d90000, 0x00000000a2e3d608, 0x00000000a2ea0000)
  to   space 1088K,   0% used [0x00000000a2c80000, 0x00000000a2c80000, 0x00000000a2d90000)
 tenured generation   total 21888K, used 18476K [0x00000000c1800000, 0x00000000c2d60000, 0x0000000100000000)
   the space 21888K,  84% used [0x00000000c1800000, 0x00000000c2a0b3f0, 0x00000000c2a0b400, 0x00000000c2d60000)
 Metaspace       used 14026K, capacity 14258K, committed 14592K, reserved 1062912K
  class space    used 1419K, capacity 1469K, committed 1536K, reserved 1048576K
Event: 3.729 GC heap after
Heap after GC invocations=60 (full 0):
 def new generation   total 9792K, used 729K [0x00000000a2400000, 0x00000000a2ea0000, 0x00000000c1800000)
  eden space 8704K,   0% used [0x00000000a2400000, 0x00000000a2400000, 0x00000000a2c80000)
  from space 1088K,  67% used [0x00000000a2c80000, 0x00000000a2d366e0, 0x00000000a2d90000)
  to   space 1088K,   0% used [0x00000000a2d90000, 0x00000000a2d90000, 0x00000000a2ea0000)
 tenured generation   total 21888K, used 18570K [0x00000000c1800000, 0x00000000c2d60000, 0x0000000100000000)
   the space 21888K,  84% used [0x00000000c1800000, 0x00000000c2a22870, 0x00000000c2a22a00, 0x00000000c2d60000)
 Metaspace       used 14026K, capacity 14258K, committed 14592K, reserved 1062912K
  class space    used 1419K, capacity 1469K, committed 1536K, reserved 1048576K
}
Event: 3.769 GC heap before
{Heap before GC invocations=60 (full 0):
 def new generation   total 9792K, used 9433K [0x00000000a2400000, 0x00000000a2ea0000, 0x00000000c1800000)
  eden space 8704K, 100% used [0x00000000a2400000, 0x00000000a2c80000, 0x00000000a2c80000)
  from space 1088K,  67% used [0x00000000a2c80000, 0x00000000a2d366e0, 0x00000000a2d90000)
  to   space 1088K,   0% used [0x00000000a2d90000, 0x00000000a2d90000, 0x00000000a2ea0000)
 tenured generation   total 21888K, used 18570K [0x00000000c1800000, 0x00000000c2d60000, 0x0000000100000000)
   the space 21888K,  84% used [0x00000000c1800000, 0x00000000c2a22870, 0x00000000c2a22a00, 0x00000000c2d60000)
 Metaspace       used 14518K, capacity 14706K, committed 14848K, reserved 1062912K
  class space    used 1472K, capacity 1533K, committed 1536K, reserved 1048576K
Event: 3.771 GC heap after
Heap after GC invocations=61 (full 0):
 def new generation   total 9792K, used 935K [0x00000000a2400000, 0x00000000a2ea0000, 0x00000000c1800000)
  eden space 8704K,   0% used [0x00000000a2400000, 0x00000000a2400000, 0x00000000a2c80000)
  from space 1088K,  86% used [0x00000000a2d90000, 0x00000000a2e79f00, 0x00000000a2ea0000)
  to   space 1088K,   0% used [0x00000000a2c80000, 0x00000000a2c80000, 0x00000000a2d90000)
 tenured generation   total 21888K, used 18637K [0x00000000c1800000, 0x00000000c2d60000, 0x0000000100000000)
   the space 21888K,  85% used [0x00000000c1800000, 0x00000000c2a33428, 0x00000000c2a33600, 0x00000000c2d60000)
 Metaspace       used 14518K, capacity 14706K, committed 14848K, reserved 1062912K
  class space    used 1472K, capacity 1533K, committed 1536K, reserved 1048576K
}

Deoptimization events (10 events):
Event: 1.290 Thread 0x0000018831f25000 Uncommon trap: reason=class_check action=maybe_recompile pc=0x0000018833e2ae50 method=com.sun.org.apache.xerces.internal.impl.XMLDocumentFragmentScannerImpl.scanEndElement()I @ 145
Event: 1.290 Thread 0x0000018831f25000 Uncommon trap: reason=class_check action=maybe_recompile pc=0x0000018833e2ae50 method=com.sun.org.apache.xerces.internal.impl.XMLDocumentFragmentScannerImpl.scanEndElement()I @ 145
Event: 1.290 Thread 0x0000018831f25000 Uncommon trap: reason=class_check action=maybe_recompile pc=0x0000018833e2ae50 method=com.sun.org.apache.xerces.internal.impl.XMLDocumentFragmentScannerImpl.scanEndElement()I @ 145
Event: 1.483 Thread 0x0000018831f25000 Uncommon trap: reason=unstable_if action=reinterpret pc=0x0000018833f5cb44 method=com.sun.org.apache.xerces.internal.impl.XMLDocumentFragmentScannerImpl$FragmentContentDriver.next()I @ 647
Event: 2.141 Thread 0x0000018831f25000 Uncommon trap: reason=unstable_if action=reinterpret pc=0x0000018833e157d4 method=com.sun.org.apache.xerces.internal.impl.XMLDocumentFragmentScannerImpl.seekCloseOfStartTag()Z @ 95
Event: 3.142 Thread 0x0000018831f25000 Uncommon trap: reason=unstable_if action=reinterpret pc=0x0000018833e926dc method=java.util.LinkedHashMap.afterNodeInsertion(Z)V @ 18
Event: 3.757 Thread 0x0000018831f25000 Uncommon trap: reason=class_check action=maybe_recompile pc=0x0000018833f6c1a0 method=java.io.DataInputStream.readUnsignedShort()I @ 4
Event: 3.757 Thread 0x0000018831f25000 Uncommon trap: reason=class_check action=maybe_recompile pc=0x0000018833f6c1a0 method=java.io.DataInputStream.readUnsignedShort()I @ 4
Event: 3.757 Thread 0x0000018831f25000 Uncommon trap: reason=class_check action=maybe_recompile pc=0x0000018833f6c1a0 method=java.io.DataInputStream.readUnsignedShort()I @ 4
Event: 3.757 Thread 0x0000018831f25000 Uncommon trap: reason=class_check action=maybe_recompile pc=0x0000018833f6c1a0 method=java.io.DataInputStream.readUnsignedShort()I @ 4

Classes redefined (0 events):
No events

Internal exceptions (10 events):
Event: 3.699 Thread 0x0000018831f25000 Exception <a 'java/lang/ClassNotFoundException': com/sun/org/glassfish/hk2/osgiresourcelocator/ServiceLoader> (0x00000000a25bca80) thrown at [C:\cygwin64\tmp\openjdk-jdk8u-windows-x64-hotspot\workspace\build\src\hotspot\src\share\vm\classfile\systemDictio
Event: 3.709 Thread 0x0000018831f25000 Exception <a 'java/lang/ClassNotFoundException': com/sun/org/glassfish/hk2/osgiresourcelocator/ServiceLoader> (0x00000000a2735bb0) thrown at [C:\cygwin64\tmp\openjdk-jdk8u-windows-x64-hotspot\workspace\build\src\hotspot\src\share\vm\classfile\systemDictio
Event: 3.715 Thread 0x0000018831f25000 Exception <a 'java/lang/ClassNotFoundException': com/sun/org/glassfish/hk2/osgiresourcelocator/ServiceLoader> (0x00000000a28aed98) thrown at [C:\cygwin64\tmp\openjdk-jdk8u-windows-x64-hotspot\workspace\build\src\hotspot\src\share\vm\classfile\systemDictio
Event: 3.720 Thread 0x0000018831f25000 Exception <a 'java/lang/ClassNotFoundException': com/sun/org/glassfish/hk2/osgiresourcelocator/ServiceLoader> (0x00000000a2a2bbc8) thrown at [C:\cygwin64\tmp\openjdk-jdk8u-windows-x64-hotspot\workspace\build\src\hotspot\src\share\vm\classfile\systemDictio
Event: 3.725 Thread 0x0000018831f25000 Exception <a 'java/lang/ClassNotFoundException': com/sun/org/glassfish/hk2/osgiresourcelocator/ServiceLoader> (0x00000000a2ba9490) thrown at [C:\cygwin64\tmp\openjdk-jdk8u-windows-x64-hotspot\workspace\build\src\hotspot\src\share\vm\classfile\systemDictio
Event: 3.732 Thread 0x0000018831f25000 Exception <a 'java/lang/ClassNotFoundException': com/sun/org/glassfish/hk2/osgiresourcelocator/ServiceLoader> (0x00000000a24a2640) thrown at [C:\cygwin64\tmp\openjdk-jdk8u-windows-x64-hotspot\workspace\build\src\hotspot\src\share\vm\classfile\systemDictio
Event: 3.737 Thread 0x0000018831f25000 Exception <a 'java/lang/ClassNotFoundException': com/sun/org/glassfish/hk2/osgiresourcelocator/ServiceLoader> (0x00000000a261c968) thrown at [C:\cygwin64\tmp\openjdk-jdk8u-windows-x64-hotspot\workspace\build\src\hotspot\src\share\vm\classfile\systemDictio
Event: 3.740 Thread 0x0000018831f25000 Exception <a 'java/lang/ClassNotFoundException': com/sun/org/glassfish/hk2/osgiresourcelocator/ServiceLoader> (0x00000000a2795bf8) thrown at [C:\cygwin64\tmp\openjdk-jdk8u-windows-x64-hotspot\workspace\build\src\hotspot\src\share\vm\classfile\systemDictio
Event: 3.744 Thread 0x0000018831f25000 Exception <a 'java/lang/ClassNotFoundException': com/sun/org/glassfish/hk2/osgiresourcelocator/ServiceLoader> (0x00000000a290da68) thrown at [C:\cygwin64\tmp\openjdk-jdk8u-windows-x64-hotspot\workspace\build\src\hotspot\src\share\vm\classfile\systemDictio
Event: 3.748 Thread 0x0000018831f25000 Exception <a 'java/lang/ClassNotFoundException': com/sun/org/glassfish/hk2/osgiresourcelocator/ServiceLoader> (0x00000000a2a86820) thrown at [C:\cygwin64\tmp\openjdk-jdk8u-windows-x64-hotspot\workspace\build\src\hotspot\src\share\vm\classfile\systemDictio

Events (10 events):
Event: 3.779 loading class com/altera/tcl/interpreter/NativeTCLInterpreter
Event: 3.779 loading class com/altera/tcl/interpreter/NativeTCLInterpreter done
Event: 3.780 loading class com/altera/utilities/FileUtilities
Event: 3.780 loading class com/altera/utilities/FileUtilities done
Event: 3.780 loading class com/altera/utilities/FileUtilities$1
Event: 3.780 loading class com/altera/utilities/FileUtilities$1 done
Event: 3.781 loading class com/altera/utilities/FileUtilities$AlteraIpException
Event: 3.781 loading class com/altera/utilities/FileUtilities$AlteraIpException done
Event: 3.788 loading class com/altera/utilities/FileUtilities$IpError
Event: 3.788 loading class com/altera/utilities/FileUtilities$IpError done


Dynamic libraries:
0x00007ff725ef0000 - 0x00007ff725f2a000 	C:\intelfpga_lite\19.1\quartus\bin64\jre64\bin\java.exe
0x00007ff8f1cd0000 - 0x00007ff8f1ec6000 	C:\Windows\SYSTEM32\ntdll.dll
0x00007ff8f1420000 - 0x00007ff8f14dd000 	C:\Windows\System32\KERNEL32.DLL
0x00007ff8ef8e0000 - 0x00007ff8efba9000 	C:\Windows\System32\KERNELBASE.dll
0x00007ff8ecde0000 - 0x00007ff8ece70000 	C:\Windows\SYSTEM32\apphelp.dll
0x00007ff8f0660000 - 0x00007ff8f070c000 	C:\Windows\System32\ADVAPI32.dll
0x00007ff8f0420000 - 0x00007ff8f04be000 	C:\Windows\System32\msvcrt.dll
0x00007ff8f0380000 - 0x00007ff8f041c000 	C:\Windows\System32\sechost.dll
0x00007ff8efee0000 - 0x00007ff8f000b000 	C:\Windows\System32\RPCRT4.dll
0x00007ff8f01b0000 - 0x00007ff8f0350000 	C:\Windows\System32\USER32.dll
0x00007ff8ef8b0000 - 0x00007ff8ef8d2000 	C:\Windows\System32\win32u.dll
0x00007ff8f0350000 - 0x00007ff8f037a000 	C:\Windows\System32\GDI32.dll
0x00007ff8ef740000 - 0x00007ff8ef84b000 	C:\Windows\System32\gdi32full.dll
0x00007ff8ef5c0000 - 0x00007ff8ef65d000 	C:\Windows\System32\msvcp_win.dll
0x00007ff8efbb0000 - 0x00007ff8efcb0000 	C:\Windows\System32\ucrtbase.dll
0x00007ff8de600000 - 0x00007ff8de89b000 	C:\Windows\WinSxS\amd64_microsoft.windows.common-controls_6595b64144ccf1df_6.0.19041.746_none_ca02b4b61b8320a4\COMCTL32.dll
0x00007ff8f11c0000 - 0x00007ff8f11f0000 	C:\Windows\System32\IMM32.DLL
0x00007ff8c6590000 - 0x00007ff8c667f000 	C:\intelfpga_lite\19.1\quartus\bin64\jre64\bin\msvcr120.dll
0x00007ff8c5fe0000 - 0x00007ff8c6086000 	C:\intelfpga_lite\19.1\quartus\bin64\jre64\bin\msvcp120.dll
0x0000000066c30000 - 0x000000006742e000 	C:\intelfpga_lite\19.1\quartus\bin64\jre64\bin\server\jvm.dll
0x00007ff8f0bf0000 - 0x00007ff8f0bf8000 	C:\Windows\System32\PSAPI.DLL
0x00007ff8e1420000 - 0x00007ff8e1429000 	C:\Windows\SYSTEM32\WSOCK32.dll
0x00007ff8e6400000 - 0x00007ff8e6427000 	C:\Windows\SYSTEM32\WINMM.dll
0x00007ff8f04c0000 - 0x00007ff8f052b000 	C:\Windows\System32\WS2_32.dll
0x00007ff8e6570000 - 0x00007ff8e657a000 	C:\Windows\SYSTEM32\VERSION.dll
0x00007ff8e5d90000 - 0x00007ff8e5d9f000 	C:\intelfpga_lite\19.1\quartus\bin64\jre64\bin\verify.dll
0x00007ff8cd610000 - 0x00007ff8cd638000 	C:\intelfpga_lite\19.1\quartus\bin64\jre64\bin\java.dll
0x00007ff8cd3a0000 - 0x00007ff8cd3b6000 	C:\intelfpga_lite\19.1\quartus\bin64\jre64\bin\zip.dll
0x00007ff8f1540000 - 0x00007ff8f1c83000 	C:\Windows\System32\SHELL32.dll
0x00007ff8ed570000 - 0x00007ff8edcff000 	C:\Windows\SYSTEM32\windows.storage.dll
0x00007ff8f0d20000 - 0x00007ff8f1076000 	C:\Windows\System32\combase.dll
0x00007ff8eeda0000 - 0x00007ff8eedcc000 	C:\Windows\SYSTEM32\Wldp.dll
0x00007ff8f0010000 - 0x00007ff8f00be000 	C:\Windows\System32\SHCORE.dll
0x00007ff8f0b90000 - 0x00007ff8f0be5000 	C:\Windows\System32\shlwapi.dll
0x00007ff8ef340000 - 0x00007ff8ef366000 	C:\Windows\SYSTEM32\profapi.dll
0x00007ff8eed00000 - 0x00007ff8eed18000 	C:\Windows\SYSTEM32\CRYPTSP.dll
0x00007ff8ee4c0000 - 0x00007ff8ee4f4000 	C:\Windows\system32\rsaenh.dll
0x00007ff8ef710000 - 0x00007ff8ef737000 	C:\Windows\System32\bcrypt.dll
0x00007ff8ef2c0000 - 0x00007ff8ef2ee000 	C:\Windows\SYSTEM32\USERENV.dll
0x00007ff8efcb0000 - 0x00007ff8efd30000 	C:\Windows\System32\bcryptprimitives.dll
0x00007ff8eecf0000 - 0x00007ff8eecfc000 	C:\Windows\SYSTEM32\CRYPTBASE.dll
0x00007ff8ccfb0000 - 0x00007ff8ccfca000 	C:\intelFPGA_lite\19.1\quartus\bin64\jre64\bin\net.dll
0x00007ff8e26b0000 - 0x00007ff8e289d000 	C:\Windows\SYSTEM32\urlmon.dll
0x00007ff8e2220000 - 0x00007ff8e24d0000 	C:\Windows\SYSTEM32\iertutil.dll
0x00007ff8eeb20000 - 0x00007ff8eeb8a000 	C:\Windows\system32\mswsock.dll
0x00007ff8ee810000 - 0x00007ff8ee84b000 	C:\Windows\SYSTEM32\IPHLPAPI.DLL
0x00007ff8f1340000 - 0x00007ff8f1348000 	C:\Windows\System32\NSI.dll
0x00007ff8e9900000 - 0x00007ff8e9917000 	C:\Windows\SYSTEM32\dhcpcsvc6.DLL
0x00007ff8e98c0000 - 0x00007ff8e98dd000 	C:\Windows\SYSTEM32\dhcpcsvc.DLL
0x00007ff8ee850000 - 0x00007ff8ee91b000 	C:\Windows\SYSTEM32\DNSAPI.dll
0x00007ff8ca4a0000 - 0x00007ff8ca4b2000 	C:\intelFPGA_lite\19.1\quartus\bin64\jre64\bin\nio.dll
0x00007ff8e4db0000 - 0x00007ff8e4db6000 	C:\intelFPGA_lite\19.1\quartus\bin64\sld_utiljni.dll
0x0000000069050000 - 0x00000000691d7000 	C:\intelFPGA_lite\19.1\quartus\bin64\tcl86.dll
0x00007ff8e1cb0000 - 0x00007ff8e1cc8000 	C:\Windows\SYSTEM32\NETAPI32.dll
0x00007ff8ee920000 - 0x00007ff8ee92c000 	C:\Windows\SYSTEM32\NETUTILS.DLL
0x00007ff8e6350000 - 0x00007ff8e6369000 	C:\Windows\SYSTEM32\SAMCLI.DLL
0x00007ff8ee930000 - 0x00007ff8ee972000 	C:\Windows\SYSTEM32\LOGONCLI.DLL
0x00007ff8e0c20000 - 0x00007ff8e0d1f000 	C:\intelFPGA_lite\19.1\quartus\bin64\ccl_sqlite3.dll
0x00007ff8e4a50000 - 0x00007ff8e4a60000 	C:\intelFPGA_lite\19.1\quartus\bin64\ccl_sqlite3_jdbc_jni_bridge.dll
0x00007ff8c5ea0000 - 0x00007ff8c5fdc000 	C:\intelFPGA_lite\19.1\quartus\bin64\sld_filejni.dll
0x00007ff8f1350000 - 0x00007ff8f141d000 	C:\Windows\System32\OLEAUT32.dll
0x00007ff8f0530000 - 0x00007ff8f065a000 	C:\Windows\System32\ole32.dll
0x00007ff8f1080000 - 0x00007ff8f115b000 	C:\Windows\System32\COMDLG32.dll
0x00007ff8e0f80000 - 0x00007ff8e1108000 	C:\intelFPGA_lite\19.1\quartus\bin64\dbghelp.dll

VM Arguments:
jvm_args: -Xmx1500M -XX:+UseSerialGC 
java_command: com.altera.sopcmodel.sbtools.sbgenerate.SbGenerate --output-directory=C:/Users/Addison Elliott/Documents/GitHub/ece-2031-peripheral/SCOMP_Project_fall21/db/ip/sldfd7bd03d/ --project-directory=C:/Users/Addison Elliott/Documents/GitHub/ece-2031-peripheral/SCOMP_Project_fall21/ --file-set=QUARTUS_SYNTH --system-info=DEVICE_FAMILY=MAX 10 --report-file=xml:C:/Users/Addison Elliott/Documents/GitHub/ece-2031-peripheral/SCOMP_Project_fall21/db/ip/sldfd7bd03d/alt_sld_fab__report.xml --report-file=html:C:/Users/Addison Elliott/Documents/GitHub/ece-2031-peripheral/SCOMP_Project_fall21/db/ip/sldfd7bd03d/alt_sld_fab__report.html --component-name=alt_sld_fab --component-file=./db/ip/sldfd7bd03d/alt_sld_fab_wrapper_hw.tcl --report-file=sopcinfo:C:/Users/Addison Elliott/Documents/GitHub/ece-2031-peripheral/SCOMP_Project_fall21/db/ip/sldfd7bd03d/alt_sld_fab.sopcinfo --report-file=qip:C:/Users/Addison Elliott/Documents/GitHub/ece-2031-peripheral/SCOMP_Project_fall21/db/ip/sldfd7bd03d/alt_sld_fab.qip --remove-qsys-generate-warning
java_class_path (initial): C:/intelfpga_lite/19.1/quartus/sopc_builder/model/lib\Nlview.jar;C:/intelfpga_lite/19.1/quartus/sopc_builder/model/lib\TableLayout.jar;C:/intelfpga_lite/19.1/quartus/sopc_builder/model/lib\appframework-1.03.jar;C:/intelfpga_lite/19.1/quartus/sopc_builder/model/lib\asm-3.1.jar;C:/intelfpga_lite/19.1/quartus/sopc_builder/model/lib\asm-commons-3.1.jar;C:/intelfpga_lite/19.1/quartus/sopc_builder/model/lib\basicmodel.jar;C:/intelfpga_lite/19.1/quartus/sopc_builder/model/lib\beansbinding-1.2.1.jar;C:/intelfpga_lite/19.1/quartus/sopc_builder/model/lib\binding-2.0.6.jar;C:/intelfpga_lite/19.1/quartus/sopc_builder/model/lib\com.altera.componenteditor2.jar;C:/intelfpga_lite/19.1/quartus/sopc_builder/model/lib\com.altera.embeddedsw.app_lib.jar;C:/intelfpga_lite/19.1/quartus/sopc_builder/model/lib\com.altera.embeddedsw.bsp.editor.jar;C:/intelfpga_lite/19.1/quartus/sopc_builder/model/lib\com.altera.embeddedsw.bsp.elements.jar;C:/intelfpga_lite/19.1/quartus/sopc_builder/model/lib\com.altera.embeddedsw.bsp.jar;C:/intelfpga_lite/19.1/quartus/sopc_builder/model/lib\com.altera.embeddedsw.bsp.plugin.core.jar;C:/intelfpga_lite/19.1/quartus/sopc_builder/model/lib\com.altera.embeddedsw.bsp.plugin.hal.jar;C:/intelfpga_lite/19.1/quartus/sopc_builder/model/lib\com.altera.embeddedsw.bsp.plugin.lwhal.jar;C:/intelfpga_lite/19.1/quartus/sopc_builder/model/lib\com.altera.embeddedsw.bsp.schema.jar;C:/intelfpga_lite/19.1/quartus/sopc_builder/model/lib\com.altera.embeddedsw.bsp.scripting.jar;C:/intelfpga_lite/19.1/quartus/sopc_builder/model/lib\com.altera.embeddedsw.commandline.jar;C:/intelfpga_lite/19.1/quartus/sopc_builder/model/lib\com.altera.embeddedsw.cpexample.jar;C:/intelfpga_lite/19.1/quartus/sopc_builder/model/lib\com.altera.embeddedsw.flash.jar;C:/intelfpga_lite/19.1/quartus/sopc_builder/model/lib\com.altera.embeddedsw.launch.jar;C:/intelfpga_lite/19.1/quartus/sopc_builder/model/lib\com.altera.embeddedsw.swinfo.jar;C:/intelfpga_lite/19.1/quartus/sopc_builder/m
Launcher Type: SUN_STANDARD

Environment Variables:
PATH=C:/intelfpga_lite/19.1/quartus/bin64;c:\intelfpga_lite\19.1\quartus\bin64\;c:\intelfpga_lite\19.1\quartus\bin64\;C:\Windows\system32;C:\Windows;C:\Windows\System32\Wbem;C:\Windows\System32\WindowsPowerShell\v1.0\;C:\Windows\System32\OpenSSH\;C:\Users\Addison Elliott\AppData\Local\Microsoft\WindowsApps;;C:\intelFPGA_lite\19.1\modelsim_ase\win32aloem
USERNAME=Addison Elliott
OS=Windows_NT
PROCESSOR_IDENTIFIER=Intel64 Family 6 Model 158 Stepping 13, GenuineIntel



---------------  S Y S T E M  ---------------

OS: Windows 10.0 , 64 bit Build 19041 (10.0.19041.662)

CPU:total 2 (initial active 2) (2 cores per cpu, 1 threads per core) family 6 model 158 stepping 13, cmov, cx8, fxsr, mmx, sse, sse2, sse3, ssse3, sse4.1, sse4.2, popcnt, avx, avx2, aes, clmul, erms, 3dnowpref, lzcnt, tsc, tscinvbit, bmi1, bmi2, adx

Memory: 4k page, physical 2096108k(477776k free), swap 8387564k(47720k free)

vm_info: OpenJDK 64-Bit Server VM (25.222-b10) for windows-amd64 JRE (1.8.0_222-b10), built on Jul 17 2019 08:11:33 by "jenkins" with MS VC++ 12.0 (VS2013)

time: Sun Nov 14 16:02:47 2021
timezone: Eastern Standard Time
elapsed time: 3 seconds (0d 0h 0m 3s)

